<?xml version="1.0" encoding="UTF-8"?>
<testsuite name="ghost.AppTest" tests="4" skipped="0" failures="0" errors="0" timestamp="2020-11-22T11:22:43" hostname="DESKTOP-UFUEMNG" time="0.543">
  <properties/>
  <testcase name="mainTest()" classname="ghost.AppTest" time="0.491"/>
  <testcase name="settingsTest()" classname="ghost.AppTest" time="0.019"/>
  <testcase name="createAppTest()" classname="ghost.AppTest" time="0.0"/>
  <testcase name="setupTest()" classname="ghost.AppTest" time="0.03"/>
  <system-out><![CDATA[]]></system-out>
  <system-err><![CDATA[]]></system-err>
</testsuite>
