<?xml version="1.0" encoding="UTF-8"?>
<testsuite name="ghost.WallTest" tests="1" skipped="0" failures="0" errors="0" timestamp="2020-11-22T11:22:45" hostname="DESKTOP-UFUEMNG" time="0.066">
  <properties/>
  <testcase name="correctSpriteDisplayedTest()" classname="ghost.WallTest" time="0.066"/>
  <system-out><![CDATA[]]></system-out>
  <system-err><![CDATA[]]></system-err>
</testsuite>
