<?xml version="1.0" encoding="UTF-8"?>
<testsuite name="ghost.FruitTest" tests="4" skipped="0" failures="0" errors="0" timestamp="2020-11-22T11:22:43" hostname="DESKTOP-UFUEMNG" time="0.077">
  <properties/>
  <testcase name="IsCountedForFalseTest()" classname="ghost.FruitTest" time="0.016"/>
  <testcase name="IsCountedForTrueTest()" classname="ghost.FruitTest" time="0.021"/>
  <testcase name="IsEatenFalseTest()" classname="ghost.FruitTest" time="0.021"/>
  <testcase name="IsEatenTrueTest()" classname="ghost.FruitTest" time="0.016"/>
  <system-out><![CDATA[]]></system-out>
  <system-err><![CDATA[java.lang.NullPointerException
	at ghost.Game.draw(Game.java:101)
	at ghost.App.draw(App.java:44)
	at processing.core.PApplet.handleDraw(PApplet.java:2426)
	at processing.awt.PSurfaceAWT$12.callDraw(PSurfaceAWT.java:1557)
	at processing.core.PSurfaceNone$AnimationThread.run(PSurfaceNone.java:316)
]]></system-err>
</testsuite>
