<?xml version="1.0" encoding="UTF-8"?>
<testsuite name="ghost.SuperFruitTest" tests="2" skipped="0" failures="0" errors="0" timestamp="2020-11-22T11:22:45" hostname="DESKTOP-UFUEMNG" time="0.129">
  <properties/>
  <testcase name="changeSpriteTest2ndSprite()" classname="ghost.SuperFruitTest" time="0.06"/>
  <testcase name="changeSpriteTest()" classname="ghost.SuperFruitTest" time="0.068"/>
  <system-out><![CDATA[]]></system-out>
  <system-err><![CDATA[]]></system-err>
</testsuite>
